<?xml version="1.0" encoding="UTF-8"?>
<!-- Generated by org.testng.reporters.JUnitReportReporter -->
<testsuite skipped="0" hostname="Aabid" name="mySeleniumPackage.OpenFacebook" tests="1" failures="0" timestamp="01 Feb 2021 14:23:55 GMT" time="7.694" errors="0">
  <testcase name="mainTest" time="7.694" classname="mySeleniumPackage.OpenFacebook"/>
</testsuite> <!-- mySeleniumPackage.OpenFacebook -->
