<?xml version="1.0" encoding="UTF-8"?>
<!-- Generated by org.testng.reporters.JUnitReportReporter -->
<testsuite skipped="0" hostname="Aabid" name="mySeleniumPackage.OpenFacebook" tests="1" failures="0" timestamp="01 Feb 2021 16:20:12 GMT" time="5.757" errors="0">
  <testcase name="mainTest" time="5.757" classname="mySeleniumPackage.OpenFacebook"/>
</testsuite> <!-- mySeleniumPackage.OpenFacebook -->
